<?xml version="1.0" encoding="UTF-8"?>
<!-- Generated by org.testng.reporters.JUnitReportReporter -->
<testsuite hostname="Tanmays-Air" failures="0" tests="1" name="TDD.TestPassword" time="0.004" errors="0" timestamp="2022-12-18T17:42:49 GMT-05:00" skipped="0">
  <testcase classname="TDD.TestPassword" name="CheckPassword" time="0.004"/>
  <system-out/>
</testsuite> <!-- TDD.TestPassword -->
